<?xml version="1.0" encoding="UTF-8"?>
<testsuite xmlns:xsi="http://www.w3.org/2001/XMLSchema-instance" xsi:noNamespaceSchemaLocation="https://maven.apache.org/surefire/maven-surefire-plugin/xsd/surefire-test-report.xsd" name="org.taHjaj.wo.pmdplus.dup.jmh.org.apache.commons.io.FileUtilsBenchmarkTest" time="282.131" tests="1" errors="0" skipped="0" failures="0">
  <properties>
    <property name="sun.desktop" value="windows"/>
    <property name="awt.toolkit" value="sun.awt.windows.WToolkit"/>
    <property name="java.specification.version" value="11"/>
    <property name="sun.cpu.isalist" value="amd64"/>
    <property name="sun.jnu.encoding" value="Cp1252"/>
    <property name="java.class.path" value="C:\p\jmh\jmh-garden\commons-io-3-8-0\target\test-classes;C:\p\jmh\jmh-garden\commons-io-3-8-0\target\classes;C:\Users\NL02032\.m2\repository\junit\junit\4.13.1\junit-4.13.1.jar;C:\Users\NL02032\.m2\repository\org\hamcrest\hamcrest-core\1.3\hamcrest-core-1.3.jar;C:\Users\NL02032\.m2\repository\org\openjdk\jmh\jmh-core\1.25.2\jmh-core-1.25.2.jar;C:\Users\NL02032\.m2\repository\net\sf\jopt-simple\jopt-simple\4.6\jopt-simple-4.6.jar;C:\Users\NL02032\.m2\repository\org\apache\commons\commons-math3\3.2\commons-math3-3.2.jar;C:\Users\NL02032\.m2\repository\org\openjdk\jmh\jmh-generator-annprocess\1.25.2\jmh-generator-annprocess-1.25.2.jar;C:\Users\NL02032\.m2\repository\com\google\code\findbugs\annotations\3.0.1\annotations-3.0.1.jar;C:\Users\NL02032\.m2\repository\net\jcip\jcip-annotations\1.0\jcip-annotations-1.0.jar;C:\Users\NL02032\.m2\repository\com\google\code\findbugs\jsr305\3.0.1\jsr305-3.0.1.jar;C:\Users\NL02032\.m2\repository\org\spf4j\spf4j-core\8.8.5\spf4j-core-8.8.5.jar;C:\Users\NL02032\.m2\repository\org\spf4j\avro\core-schema\1.0.1\core-schema-1.0.1.jar;C:\Users\NL02032\.m2\repository\com\fasterxml\jackson\core\jackson-core\2.10.5\jackson-core-2.10.5.jar;C:\Users\NL02032\.m2\repository\com\fasterxml\jackson\core\jackson-databind\2.10.5\jackson-databind-2.10.5.jar;C:\Users\NL02032\.m2\repository\com\fasterxml\jackson\core\jackson-annotations\2.10.5\jackson-annotations-2.10.5.jar;C:\Users\NL02032\.m2\repository\com\google\guava\guava\29.0-jre\guava-29.0-jre.jar;C:\Users\NL02032\.m2\repository\com\google\guava\failureaccess\1.0.1\failureaccess-1.0.1.jar;C:\Users\NL02032\.m2\repository\com\google\guava\listenablefuture\9999.0-empty-to-avoid-conflict-with-guava\listenablefuture-9999.0-empty-to-avoid-conflict-with-guava.jar;C:\Users\NL02032\.m2\repository\org\checkerframework\checker-qual\2.11.1\checker-qual-2.11.1.jar;C:\Users\NL02032\.m2\repository\com\google\errorprone\error_prone_annotations\2.3.4\error_prone_annotations-2.3.4.jar;C:\Users\NL02032\.m2\repository\com\google\j2objc\j2objc-annotations\1.3\j2objc-annotations-1.3.jar;C:\Users\NL02032\.m2\repository\org\slf4j\slf4j-api\1.7.30\slf4j-api-1.7.30.jar;C:\Users\NL02032\.m2\repository\com\google\code\findbugs\findbugs-annotations\3.0.1\findbugs-annotations-3.0.1.jar;C:\Users\NL02032\.m2\repository\net\sf\trove4j\trove4j\3.0.3\trove4j-3.0.3.jar;C:\Users\NL02032\.m2\repository\org\apache\avro\avro\1.9.0.20p\avro-1.9.0.20p.jar;C:\Users\NL02032\.m2\repository\org\threeten\threeten-extra\1.5.0\threeten-extra-1.5.0.jar;"/>
    <property name="java.vm.vendor" value="Amazon.com Inc."/>
    <property name="sun.arch.data.model" value="64"/>
    <property name="user.variant" value=""/>
    <property name="java.vendor.url" value="https://aws.amazon.com/corretto/"/>
    <property name="user.timezone" value="Europe/Berlin"/>
    <property name="user.country.format" value="NL"/>
    <property name="java.vm.specification.version" value="11"/>
    <property name="os.name" value="Windows 10"/>
    <property name="sun.java.launcher" value="SUN_STANDARD"/>
    <property name="user.country" value="US"/>
    <property name="sun.boot.library.path" value="C:\Program Files\Amazon Corretto\jdk11.0.9_12\bin"/>
    <property name="sun.java.command" value="C:\Users\NL02032\AppData\Local\Temp\surefire11499596331394605547\surefirebooter16650977996413188742.jar C:\Users\NL02032\AppData\Local\Temp\surefire11499596331394605547 2020-12-03T17-15-43_261-jvmRun1 surefire15092026246823645578tmp surefire_113194821589060984339tmp"/>
    <property name="jdk.debug" value="release"/>
    <property name="surefire.test.class.path" value="C:\p\jmh\jmh-garden\commons-io-3-8-0\target\test-classes;C:\p\jmh\jmh-garden\commons-io-3-8-0\target\classes;C:\Users\NL02032\.m2\repository\junit\junit\4.13.1\junit-4.13.1.jar;C:\Users\NL02032\.m2\repository\org\hamcrest\hamcrest-core\1.3\hamcrest-core-1.3.jar;C:\Users\NL02032\.m2\repository\org\openjdk\jmh\jmh-core\1.25.2\jmh-core-1.25.2.jar;C:\Users\NL02032\.m2\repository\net\sf\jopt-simple\jopt-simple\4.6\jopt-simple-4.6.jar;C:\Users\NL02032\.m2\repository\org\apache\commons\commons-math3\3.2\commons-math3-3.2.jar;C:\Users\NL02032\.m2\repository\org\openjdk\jmh\jmh-generator-annprocess\1.25.2\jmh-generator-annprocess-1.25.2.jar;C:\Users\NL02032\.m2\repository\com\google\code\findbugs\annotations\3.0.1\annotations-3.0.1.jar;C:\Users\NL02032\.m2\repository\net\jcip\jcip-annotations\1.0\jcip-annotations-1.0.jar;C:\Users\NL02032\.m2\repository\com\google\code\findbugs\jsr305\3.0.1\jsr305-3.0.1.jar;C:\Users\NL02032\.m2\repository\org\spf4j\spf4j-core\8.8.5\spf4j-core-8.8.5.jar;C:\Users\NL02032\.m2\repository\org\spf4j\avro\core-schema\1.0.1\core-schema-1.0.1.jar;C:\Users\NL02032\.m2\repository\com\fasterxml\jackson\core\jackson-core\2.10.5\jackson-core-2.10.5.jar;C:\Users\NL02032\.m2\repository\com\fasterxml\jackson\core\jackson-databind\2.10.5\jackson-databind-2.10.5.jar;C:\Users\NL02032\.m2\repository\com\fasterxml\jackson\core\jackson-annotations\2.10.5\jackson-annotations-2.10.5.jar;C:\Users\NL02032\.m2\repository\com\google\guava\guava\29.0-jre\guava-29.0-jre.jar;C:\Users\NL02032\.m2\repository\com\google\guava\failureaccess\1.0.1\failureaccess-1.0.1.jar;C:\Users\NL02032\.m2\repository\com\google\guava\listenablefuture\9999.0-empty-to-avoid-conflict-with-guava\listenablefuture-9999.0-empty-to-avoid-conflict-with-guava.jar;C:\Users\NL02032\.m2\repository\org\checkerframework\checker-qual\2.11.1\checker-qual-2.11.1.jar;C:\Users\NL02032\.m2\repository\com\google\errorprone\error_prone_annotations\2.3.4\error_prone_annotations-2.3.4.jar;C:\Users\NL02032\.m2\repository\com\google\j2objc\j2objc-annotations\1.3\j2objc-annotations-1.3.jar;C:\Users\NL02032\.m2\repository\org\slf4j\slf4j-api\1.7.30\slf4j-api-1.7.30.jar;C:\Users\NL02032\.m2\repository\com\google\code\findbugs\findbugs-annotations\3.0.1\findbugs-annotations-3.0.1.jar;C:\Users\NL02032\.m2\repository\net\sf\trove4j\trove4j\3.0.3\trove4j-3.0.3.jar;C:\Users\NL02032\.m2\repository\org\apache\avro\avro\1.9.0.20p\avro-1.9.0.20p.jar;C:\Users\NL02032\.m2\repository\org\threeten\threeten-extra\1.5.0\threeten-extra-1.5.0.jar;"/>
    <property name="sun.cpu.endian" value="little"/>
    <property name="user.home" value="C:\Users\NL02032"/>
    <property name="user.language" value="en"/>
    <property name="java.specification.vendor" value="Oracle Corporation"/>
    <property name="java.version.date" value="2020-11-04"/>
    <property name="java.home" value="C:\Program Files\Amazon Corretto\jdk11.0.9_12"/>
    <property name="file.separator" value="\"/>
    <property name="basedir" value="C:\p\jmh\jmh-garden\commons-io-3-8-0"/>
    <property name="java.vm.compressedOopsMode" value="Zero based"/>
    <property name="line.separator" value="&#10;"/>
    <property name="java.specification.name" value="Java Platform API Specification"/>
    <property name="java.vm.specification.vendor" value="Oracle Corporation"/>
    <property name="java.awt.graphicsenv" value="sun.awt.Win32GraphicsEnvironment"/>
    <property name="surefire.real.class.path" value="C:\Users\NL02032\AppData\Local\Temp\surefire11499596331394605547\surefirebooter16650977996413188742.jar"/>
    <property name="user.script" value=""/>
    <property name="sun.management.compiler" value="HotSpot 64-Bit Tiered Compilers"/>
    <property name="java.runtime.version" value="11.0.9.1+12-LTS"/>
    <property name="user.name" value="NL02032"/>
    <property name="path.separator" value=";"/>
    <property name="os.version" value="10.0"/>
    <property name="java.runtime.name" value="OpenJDK Runtime Environment"/>
    <property name="file.encoding" value="Cp1252"/>
    <property name="java.vm.name" value="OpenJDK 64-Bit Server VM"/>
    <property name="java.vendor.version" value="Corretto-11.0.9.12.1"/>
    <property name="localRepository" value="C:\Users\NL02032\.m2\repository"/>
    <property name="java.vendor.url.bug" value="https://github.com/corretto/corretto-11/issues/"/>
    <property name="java.io.tmpdir" value="C:\Users\NL02032\AppData\Local\Temp\"/>
    <property name="java.version" value="11.0.9.1"/>
    <property name="user.dir" value="C:\p\jmh\jmh-garden\commons-io-3-8-0"/>
    <property name="os.arch" value="amd64"/>
    <property name="java.vm.specification.name" value="Java Virtual Machine Specification"/>
    <property name="java.awt.printerjob" value="sun.awt.windows.WPrinterJob"/>
    <property name="sun.os.patch.level" value=""/>
    <property name="java.library.path" value="C:\Program Files\Amazon Corretto\jdk11.0.9_12\bin;C:\WINDOWS\Sun\Java\bin;C:\WINDOWS\system32;C:\WINDOWS;C:\Program Files\Amazon Corretto\jdk11.0.9_12\bin;C:\WINDOWS\system32;C:\WINDOWS;C:\WINDOWS\System32\Wbem;C:\WINDOWS\System32\WindowsPowerShell\v1.0\;C:\WINDOWS\System32\OpenSSH\;C:\j3\apache-maven-3.6.3\bin;C:\Program Files\nodejs\;C:\Apps\gradle-6.1-bin\gradle-6.1\bin;C:\Users\NL02032\AppData\Local\Programs\Python\Python38;C:\Program Files\dotnet\;C:\Program Files\TortoiseSVN\bin;C:\Program Files\Docker\Docker\resources\bin;C:\ProgramData\DockerDesktop\version-bin;C:\Program Files\Git\cmd;C:\Program Files\Git\mingw64\bin;C:\Program Files\Git\usr\bin;C:\Program Files\Amazon Corretto\jdk11.0.8_10\bin;C:\Users\NL02032\AppData\Local\Microsoft\WindowsApps;C:\j3\apache-maven-3.6.3-bin\apache-maven-3.6.3\bin;C:\try\nethack-364-win-x86-Dec21;C:\Users\NL02032\AppData\Roaming\npm;C:\Users\NL02032\AppData\Local\Programs\Microsoft VS Code\bin;C:\src\flutter_windows_1.17.0-stable\flutter\bin;C:\Users\NL02032\AppData\Roaming\devspace;."/>
    <property name="java.vm.info" value="mixed mode"/>
    <property name="java.vendor" value="Amazon.com Inc."/>
    <property name="java.vm.version" value="11.0.9.1+12-LTS"/>
    <property name="sun.io.unicode.encoding" value="UnicodeLittle"/>
    <property name="java.class.version" value="55.0"/>
  </properties>
  <testcase name="testCopyDirectories" classname="org.taHjaj.wo.pmdplus.dup.jmh.org.apache.commons.io.FileUtilsBenchmarkTest" time="282"/>
</testsuite>